<?xml version="1.0" encoding="UTF-8"?>
<!-- Generated by org.testng.reporters.JUnitReportReporter -->
<testsuite hostname="DESKTOP-1CCS179" failures="0" tests="2" name="com.qa.testLayer.TestCase1" time="50.048" errors="0" timestamp="2022-07-20T09:13:30 IST" skipped="0">
  <testcase classname="com.qa.testLayer.TestCase1" name="buyShare2" time="25.222"/>
  <system-out/>
  <testcase classname="com.qa.testLayer.TestCase1" name="buyShare1" time="24.826"/>
  <system-out/>
</testsuite> <!-- com.qa.testLayer.TestCase1 -->
